2024-07-23 18:02:24,916 - INFO - Processing TIC 50365310
2024-07-23 18:02:28,828 - INFO - Found 32 observations for TIC 50365310
2024-07-23 18:02:30,688 - INFO - Found cached file ../data/tess/mastDownload/TESS/tess2021014023720-s0034-0000000050365310-0204-s/tess2021014023720-s0034-0000000050365310-0204-s_lc.fits with expected size 1854720.
2024-07-23 18:02:30,690 - INFO - Downloaded products for TIC 50365310
2024-07-23 18:02:31,695 - INFO - Processing TIC 88863718
2024-07-23 18:02:36,593 - INFO - Found 21 observations for TIC 88863718
2024-07-23 18:02:36,848 - INFO - Found cached file ../data/tess/mastDownload/TESS/tess2021014023720-s0034-0000000088863718-0204-s/tess2021014023720-s0034-0000000088863718-0204-s_lc.fits with expected size 1854720.
2024-07-23 18:02:36,990 - INFO - Found cached file ../data/tess/mastDownload/TESS/tess2023018032328-s0061-0000000088863718-0250-s/tess2023018032328-s0061-0000000088863718-0250-s_lc.fits with expected size 1860480.
2024-07-23 18:02:36,992 - INFO - Downloaded products for TIC 88863718
2024-07-23 18:02:37,998 - INFO - Processing TIC 124709665
2024-07-23 18:02:39,755 - INFO - Found 44 observations for TIC 124709665
2024-07-23 18:02:40,113 - INFO - Found cached file ../data/tess/mastDownload/TESS/tess2020351194500-s0033-0000000124709665-0203-s/tess2020351194500-s0033-0000000124709665-0203-s_lc.fits with expected size 1892160.
2024-07-23 18:02:40,114 - INFO - Downloaded products for TIC 124709665
2024-07-23 18:02:41,118 - INFO - Processing TIC 106997505
2024-07-23 18:02:46,203 - INFO - Found 40 observations for TIC 106997505
2024-07-23 18:02:47,045 - INFO - Found cached file ../data/tess/mastDownload/TESS/tess2021014023720-s0034-0000000106997505-0204-s/tess2021014023720-s0034-0000000106997505-0204-s_lc.fits with expected size 1854720.
2024-07-23 18:02:47,047 - INFO - Downloaded products for TIC 106997505
2024-07-23 18:02:48,054 - INFO - Processing TIC 238597883
2024-07-23 18:03:01,326 - INFO - Found 68 observations for TIC 238597883
2024-07-23 18:03:01,636 - INFO - Found cached file ../data/tess/mastDownload/TESS/tess2021014023720-s0034-0000000238597883-0204-s/tess2021014023720-s0034-0000000238597883-0204-s_lc.fits with expected size 1854720.
2024-07-23 18:03:01,637 - INFO - Downloaded products for TIC 238597883
2024-07-23 18:03:02,639 - INFO - Processing TIC 169904935
2024-07-23 18:03:12,568 - INFO - Found 48 observations for TIC 169904935
2024-07-23 18:03:13,201 - INFO - Found cached file ../data/tess/mastDownload/TESS/tess2021014023720-s0034-0000000169904935-0204-s/tess2021014023720-s0034-0000000169904935-0204-s_lc.fits with expected size 1854720.
2024-07-23 18:03:13,203 - INFO - Downloaded products for TIC 169904935
2024-07-23 18:03:14,206 - INFO - Processing TIC 156115721
2024-07-23 18:03:21,373 - INFO - Found 104 observations for TIC 156115721
2024-07-23 18:03:23,762 - INFO - Found cached file ../data/tess/mastDownload/TESS/tess2021014023720-s0034-0000000156115721-0204-s/tess2021014023720-s0034-0000000156115721-0204-s_lc.fits with expected size 1854720.
2024-07-23 18:03:23,888 - INFO - Found cached file ../data/tess/mastDownload/TESS/tess2021014023720-s0034-0000000156115723-0204-s/tess2021014023720-s0034-0000000156115723-0204-s_lc.fits with expected size 1854720.
2024-07-23 18:03:24,062 - INFO - Found cached file ../data/tess/mastDownload/TESS/tess2023018032328-s0061-0000000156115723-0250-s/tess2023018032328-s0061-0000000156115723-0250-s_lc.fits with expected size 1860480.
2024-07-23 18:03:24,065 - INFO - Downloaded products for TIC 156115721
2024-07-23 18:03:25,075 - INFO - Processing TIC 65212867
2024-07-23 18:03:29,918 - INFO - Found 25 observations for TIC 65212867
2024-07-23 18:03:33,745 - INFO - Found cached file ../data/tess/mastDownload/TESS/tess2021014023720-s0034-0000000065212867-0204-s/tess2021014023720-s0034-0000000065212867-0204-s_lc.fits with expected size 1854720.
2024-07-23 18:03:33,747 - INFO - Downloaded products for TIC 65212867
2024-07-23 18:03:34,750 - INFO - Processing TIC 440801822
2024-07-23 18:03:42,651 - INFO - Found 31 observations for TIC 440801822
2024-07-23 18:03:43,793 - INFO - Found cached file ../data/tess/mastDownload/TESS/tess2020351194500-s0033-0000000440801822-0203-s/tess2020351194500-s0033-0000000440801822-0203-s_lc.fits with expected size 1892160.
2024-07-23 18:03:43,948 - INFO - Found cached file ../data/tess/mastDownload/TESS/tess2021284114741-s0044-0000000440801822-0215-s/tess2021284114741-s0044-0000000440801822-0215-s_lc.fits with expected size 1776960.
2024-07-23 18:03:44,074 - INFO - Found cached file ../data/tess/mastDownload/TESS/tess2021310001228-s0045-0000000440801822-0216-s/tess2021310001228-s0045-0000000440801822-0216-s_lc.fits with expected size 1840320.
2024-07-23 18:03:44,196 - INFO - Found cached file ../data/tess/mastDownload/TESS/tess2021336043614-s0046-0000000440801822-0217-s/tess2021336043614-s0046-0000000440801822-0217-s_lc.fits with expected size 1984320.
2024-07-23 18:03:44,198 - INFO - Downloaded products for TIC 440801822
2024-07-23 18:03:45,203 - INFO - Processing TIC 107782586
2024-07-23 18:03:49,458 - INFO - Found 33 observations for TIC 107782586
2024-07-23 18:03:52,152 - INFO - Found cached file ../data/tess/mastDownload/TESS/tess2021014023720-s0034-0000000107782586-0204-s/tess2021014023720-s0034-0000000107782586-0204-s_lc.fits with expected size 1854720.
2024-07-23 18:03:52,314 - INFO - Found cached file ../data/tess/mastDownload/TESS/tess2023018032328-s0061-0000000107782586-0250-s/tess2023018032328-s0061-0000000107782586-0250-s_lc.fits with expected size 1860480.
2024-07-23 18:03:52,316 - INFO - Downloaded products for TIC 107782586
2024-07-23 18:03:53,320 - INFO - Processing TIC 231663901
2024-07-23 18:03:59,000 - INFO - Found 21 observations for TIC 231663901
2024-07-23 18:04:00,516 - INFO - Downloaded products for TIC 231663901
2024-07-23 18:04:01,517 - INFO - Processing TIC 139853601
2024-07-23 18:04:07,196 - INFO - Found 24 observations for TIC 139853601
2024-07-23 18:04:09,443 - INFO - Downloaded products for TIC 139853601
2024-07-23 18:04:10,446 - INFO - Processing TIC 114018671
2024-07-23 18:04:17,237 - INFO - Found 41 observations for TIC 114018671
2024-07-23 18:04:21,914 - INFO - Downloaded products for TIC 114018671
2024-07-23 18:04:22,921 - INFO - Processing TIC 427508467
2024-07-23 18:04:30,232 - INFO - Found 12 observations for TIC 427508467
2024-07-23 18:04:32,832 - INFO - Downloaded products for TIC 427508467
2024-07-23 18:04:33,838 - INFO - Processing TIC 97700520
2024-07-23 18:04:40,403 - INFO - Found 22 observations for TIC 97700520
2024-07-23 18:04:43,215 - INFO - Downloaded products for TIC 97700520
2024-07-23 18:04:44,244 - INFO - Processing TIC 96246348
2024-07-23 18:04:49,105 - INFO - Found 58 observations for TIC 96246348
2024-07-23 18:04:51,572 - INFO - Downloaded products for TIC 96246348
2024-07-23 18:04:52,574 - INFO - Processing TIC 155044736
2024-07-23 18:05:07,815 - INFO - Found 76 observations for TIC 155044736
2024-07-23 18:05:11,279 - INFO - Downloaded products for TIC 155044736
2024-07-23 18:05:12,285 - INFO - Processing TIC 175310067
2024-07-23 18:05:26,658 - INFO - Found 61 observations for TIC 175310067
2024-07-23 18:05:32,025 - INFO - Downloaded products for TIC 175310067
2024-07-23 18:05:33,028 - INFO - Processing TIC 182943944
2024-07-23 18:05:50,522 - INFO - Found 39 observations for TIC 182943944
2024-07-23 18:05:53,196 - INFO - Downloaded products for TIC 182943944
2024-07-23 18:05:54,197 - INFO - Processing TIC 291555748
2024-07-23 18:06:24,824 - INFO - Found 38 observations for TIC 291555748
2024-07-23 18:06:28,988 - INFO - Downloaded products for TIC 291555748
2024-07-23 18:06:29,991 - INFO - Processing TIC 341420329
2024-07-23 18:06:43,963 - INFO - Found 56 observations for TIC 341420329
2024-07-23 18:06:48,702 - INFO - Downloaded products for TIC 341420329
2024-07-23 18:06:49,709 - INFO - Processing TIC 149603524
2024-07-23 18:08:13,318 - INFO - Found 211 observations for TIC 149603524
2024-07-23 18:08:26,403 - INFO - Downloaded products for TIC 149603524
2024-07-23 18:08:27,412 - INFO - Processing TIC 140706664
2024-07-23 18:08:53,901 - INFO - Found 35 observations for TIC 140706664
2024-07-23 18:08:59,775 - INFO - Downloaded products for TIC 140706664
2024-07-23 18:09:00,782 - INFO - Processing TIC 143994283
2024-07-23 18:09:10,395 - INFO - Found 89 observations for TIC 143994283
2024-07-23 18:09:16,889 - INFO - Downloaded products for TIC 143994283
2024-07-23 18:09:17,892 - INFO - Processing TIC 47384844
2024-07-23 18:09:37,736 - INFO - Found 12 observations for TIC 47384844
2024-07-23 18:09:39,629 - INFO - Downloaded products for TIC 47384844
2024-07-23 18:09:40,636 - INFO - Processing TIC 238374636
2024-07-23 18:09:54,461 - INFO - Found 72 observations for TIC 238374636
2024-07-23 18:09:56,103 - INFO - Downloaded products for TIC 238374636
2024-07-23 18:09:57,105 - INFO - Processing TIC 141482386
2024-07-23 18:11:00,780 - INFO - Found 128 observations for TIC 141482386
2024-07-23 18:11:07,884 - INFO - Downloaded products for TIC 141482386
2024-07-23 18:11:08,891 - INFO - Processing TIC 297967252
2024-07-23 18:11:16,195 - INFO - Found 95 observations for TIC 297967252
2024-07-23 18:11:20,491 - INFO - Downloaded products for TIC 297967252
2024-07-23 18:11:21,502 - INFO - Processing TIC 388624270
2024-07-23 18:11:36,700 - INFO - Found 55 observations for TIC 388624270
2024-07-23 18:11:38,507 - INFO - Downloaded products for TIC 388624270
2024-07-23 18:11:39,513 - INFO - Processing TIC 20318757
2024-07-23 18:11:45,819 - INFO - Found 14 observations for TIC 20318757
2024-07-23 18:11:47,491 - INFO - Downloaded products for TIC 20318757
2024-07-23 18:11:48,494 - INFO - Processing TIC 20318757
2024-07-23 18:11:48,745 - INFO - Found 14 observations for TIC 20318757
2024-07-23 18:11:48,993 - INFO - Found cached file ../data/tess/mastDownload/TESS/tess2021065132309-s0036-0000000020318757-0207-s/tess2021065132309-s0036-0000000020318757-0207-s_lc.fits with expected size 1837440.
2024-07-23 18:11:49,220 - INFO - Found cached file ../data/tess/mastDownload/TESS/tess2023069172124-s0063-0000000020318757-0255-s/tess2023069172124-s0063-0000000020318757-0255-s_lc.fits with expected size 1941120.
2024-07-23 18:11:49,222 - INFO - Downloaded products for TIC 20318757
2024-07-23 18:11:50,226 - INFO - Processing TIC 20318757
2024-07-23 18:11:50,670 - INFO - Found 14 observations for TIC 20318757
2024-07-23 18:11:50,790 - INFO - Found cached file ../data/tess/mastDownload/TESS/tess2021065132309-s0036-0000000020318757-0207-s/tess2021065132309-s0036-0000000020318757-0207-s_lc.fits with expected size 1837440.
2024-07-23 18:11:50,943 - INFO - Found cached file ../data/tess/mastDownload/TESS/tess2023069172124-s0063-0000000020318757-0255-s/tess2023069172124-s0063-0000000020318757-0255-s_lc.fits with expected size 1941120.
2024-07-23 18:11:50,945 - INFO - Downloaded products for TIC 20318757
2024-07-23 18:11:51,950 - INFO - Processing TIC 447283466
2024-07-23 18:12:04,891 - INFO - Found 73 observations for TIC 447283466
2024-07-23 18:12:09,096 - INFO - Downloaded products for TIC 447283466
2024-07-23 18:12:10,102 - INFO - Processing TIC 374908020
2024-07-23 18:13:32,070 - INFO - Found 134 observations for TIC 374908020
2024-07-23 18:13:34,722 - WARNING - No SPOC light curve products found for TIC 374908020
2024-07-23 18:13:35,728 - INFO - Processing TIC 336732616
2024-07-23 18:13:38,457 - INFO - Found 11 observations for TIC 336732616
2024-07-23 18:13:39,361 - INFO - Downloaded products for TIC 336732616
2024-07-23 18:13:40,363 - INFO - Processing TIC 464296022
2024-07-23 18:13:46,808 - INFO - Found 105 observations for TIC 464296022
2024-07-23 18:13:50,220 - INFO - Downloaded products for TIC 464296022
2024-07-23 18:13:51,227 - INFO - Processing TIC 304021498
2024-07-23 18:14:05,681 - INFO - Found 59 observations for TIC 304021498
2024-07-23 18:14:07,522 - INFO - Downloaded products for TIC 304021498
2024-07-23 18:14:08,528 - INFO - Processing TIC 146589986
2024-07-23 18:14:23,033 - INFO - Found 41 observations for TIC 146589986
2024-07-23 18:14:25,076 - INFO - Downloaded products for TIC 146589986
2024-07-23 18:14:26,079 - INFO - Processing TIC 149601557
2024-07-23 18:15:53,751 - INFO - Found 129 observations for TIC 149601557
2024-07-23 18:16:05,502 - INFO - Downloaded products for TIC 149601557
2024-07-23 18:16:06,510 - INFO - Processing TIC 400595342
2024-07-23 18:16:14,094 - INFO - Found 67 observations for TIC 400595342
2024-07-23 18:16:17,822 - INFO - Downloaded products for TIC 400595342
2024-07-23 18:16:18,825 - INFO - Processing TIC 361413119
2024-07-23 18:16:35,421 - INFO - Found 69 observations for TIC 361413119
2024-07-23 18:16:39,372 - INFO - Downloaded products for TIC 361413119
2024-07-23 18:16:40,383 - INFO - Processing TIC 146172354
2024-07-23 18:16:49,871 - INFO - Found 21 observations for TIC 146172354
2024-07-23 18:16:53,787 - INFO - Downloaded products for TIC 146172354
2024-07-23 18:16:54,790 - INFO - Processing TIC 363260203
2024-07-23 18:17:10,280 - INFO - Found 73 observations for TIC 363260203
2024-07-23 18:17:12,959 - INFO - Downloaded products for TIC 363260203
2024-07-23 18:17:13,964 - INFO - Processing TIC 90544017
2024-07-23 18:17:27,869 - INFO - Found 58 observations for TIC 90544017
2024-07-23 18:17:29,367 - INFO - Downloaded products for TIC 90544017
2024-07-23 18:17:30,374 - INFO - Processing TIC 461867584
2024-07-23 18:17:42,786 - INFO - Found 80 observations for TIC 461867584
2024-07-23 18:17:47,094 - INFO - Downloaded products for TIC 461867584
2024-07-23 18:17:48,098 - INFO - Processing TIC 231670397
2024-07-23 18:17:53,616 - INFO - Found 23 observations for TIC 231670397
2024-07-23 18:17:55,993 - INFO - Downloaded products for TIC 231670397
2024-07-23 18:17:56,998 - INFO - Processing TIC 310483807
2024-07-23 18:18:15,138 - INFO - Found 114 observations for TIC 310483807
2024-07-23 18:18:18,798 - INFO - Downloaded products for TIC 310483807
2024-07-23 18:18:19,804 - INFO - Processing TIC 385624852
2024-07-23 18:18:27,393 - INFO - Found 57 observations for TIC 385624852
2024-07-23 18:18:32,544 - INFO - Downloaded products for TIC 385624852
2024-07-23 18:18:33,550 - INFO - Processing TIC 360286627
2024-07-23 18:18:49,790 - INFO - Found 62 observations for TIC 360286627
2024-07-23 18:18:52,108 - INFO - Downloaded products for TIC 360286627
2024-07-23 18:18:53,114 - INFO - Processing TIC 90448944
2024-07-23 18:19:08,563 - INFO - Found 34 observations for TIC 90448944
2024-07-23 18:19:09,691 - INFO - Downloaded products for TIC 90448944
2024-07-23 18:19:10,697 - INFO - Processing TIC 463402815
2024-07-23 18:19:16,957 - INFO - Found 126 observations for TIC 463402815
2024-07-23 18:19:19,586 - INFO - Downloaded products for TIC 463402815
2024-07-23 18:19:20,589 - INFO - Processing TIC 54044474
2024-07-23 18:19:23,659 - INFO - Found 10 observations for TIC 54044474
2024-07-23 18:19:24,493 - INFO - Downloaded products for TIC 54044474
2024-07-23 18:19:25,499 - INFO - Processing TIC 309787037
2024-07-23 18:19:40,869 - INFO - Found 70 observations for TIC 309787037
2024-07-23 18:19:44,742 - INFO - Downloaded products for TIC 309787037
2024-07-23 18:19:45,748 - INFO - Processing TIC 370745311
2024-07-23 18:19:58,920 - INFO - Found 70 observations for TIC 370745311
2024-07-23 18:20:01,466 - INFO - Downloaded products for TIC 370745311
2024-07-23 18:20:02,471 - INFO - Processing TIC 384549882
2024-07-23 18:20:10,352 - INFO - Found 128 observations for TIC 384549882
2024-07-23 18:20:12,708 - INFO - Downloaded products for TIC 384549882
2024-07-23 18:20:13,715 - INFO - Processing TIC 16288184
2024-07-23 18:20:17,686 - INFO - Found 21 observations for TIC 16288184
2024-07-23 18:20:20,491 - INFO - Downloaded products for TIC 16288184
2024-07-23 18:20:21,499 - INFO - Processing TIC 144065872
2024-07-23 18:20:29,039 - INFO - Found 17 observations for TIC 144065872
2024-07-23 18:20:32,673 - INFO - Downloaded products for TIC 144065872
2024-07-23 18:20:33,679 - INFO - Processing TIC 66818296
2024-07-23 18:20:39,800 - INFO - Found 8 observations for TIC 66818296
2024-07-23 18:20:42,500 - INFO - Downloaded products for TIC 66818296
2024-07-23 18:20:43,503 - INFO - Processing TIC 259863352
2024-07-23 18:21:02,354 - INFO - Found 39 observations for TIC 259863352
2024-07-23 18:21:07,534 - INFO - Downloaded products for TIC 259863352
2024-07-23 18:21:08,538 - INFO - Processing TIC 317060587
2024-07-23 18:21:15,912 - INFO - Found 25 observations for TIC 317060587
2024-07-23 18:21:17,952 - INFO - Downloaded products for TIC 317060587
2024-07-23 18:21:18,957 - INFO - Processing TIC 112395568
2024-07-23 18:21:22,170 - INFO - Found 24 observations for TIC 112395568
2024-07-23 18:21:26,045 - INFO - Downloaded products for TIC 112395568
2024-07-23 18:21:27,050 - INFO - Processing TIC 366989877
2024-07-23 18:21:35,641 - INFO - Found 13 observations for TIC 366989877
2024-07-23 18:21:40,800 - INFO - Downloaded products for TIC 366989877
2024-07-23 18:21:41,807 - INFO - Processing TIC 320004517
2024-07-23 18:21:48,450 - INFO - Found 14 observations for TIC 320004517
2024-07-23 18:21:52,730 - INFO - Downloaded products for TIC 320004517
2024-07-23 18:21:53,734 - INFO - Processing TIC 421894914
2024-07-23 18:22:19,117 - INFO - Found 21 observations for TIC 421894914
2024-07-23 18:22:21,290 - INFO - Downloaded products for TIC 421894914
2024-07-23 18:22:22,297 - INFO - Processing TIC 323132914
2024-07-23 18:22:41,133 - INFO - Found 56 observations for TIC 323132914
2024-07-23 18:22:47,343 - INFO - Downloaded products for TIC 323132914
2024-07-23 18:22:48,349 - INFO - Processing TIC 31553893
2024-07-23 18:22:51,912 - INFO - Found 19 observations for TIC 31553893
2024-07-23 18:22:55,369 - INFO - Downloaded products for TIC 31553893
2024-07-23 18:22:56,395 - INFO - Processing TIC 380783252
2024-07-23 18:23:02,550 - INFO - Found 21 observations for TIC 380783252
2024-07-23 18:23:05,504 - INFO - Downloaded products for TIC 380783252
2024-07-23 18:23:06,507 - INFO - Processing TIC 38846515
2024-07-23 18:24:02,903 - INFO - Found 323 observations for TIC 38846515
2024-07-23 18:24:21,223 - INFO - Downloaded products for TIC 38846515
2024-07-23 18:24:22,234 - INFO - Processing TIC 101230735
2024-07-23 18:24:27,736 - INFO - Found 13 observations for TIC 101230735
2024-07-23 18:24:30,230 - INFO - Downloaded products for TIC 101230735
2024-07-23 18:24:31,237 - INFO - Processing TIC 253990973
2024-07-23 18:24:37,707 - INFO - Found 5 observations for TIC 253990973
2024-07-23 18:24:39,945 - INFO - Downloaded products for TIC 253990973
2024-07-23 18:24:40,948 - INFO - Processing TIC 299799658
2024-07-23 18:25:01,151 - INFO - Found 35 observations for TIC 299799658
2024-07-23 18:25:05,744 - INFO - Downloaded products for TIC 299799658
2024-07-23 18:25:06,749 - INFO - Processing TIC 406976746
2024-07-23 18:25:14,594 - INFO - Found 20 observations for TIC 406976746
2024-07-23 18:25:19,985 - INFO - Downloaded products for TIC 406976746
2024-07-23 18:25:20,989 - INFO - Processing TIC 79748331
2024-07-23 18:25:25,425 - INFO - Found 16 observations for TIC 79748331
2024-07-23 18:25:27,227 - INFO - Downloaded products for TIC 79748331
2024-07-23 18:25:28,234 - INFO - Processing TIC 79748331
2024-07-23 18:25:28,545 - INFO - Found 16 observations for TIC 79748331
2024-07-23 18:25:28,784 - INFO - Found cached file ../data/tess/mastDownload/TESS/tess2019169103026-s0013-0000000079748331-0146-s/tess2019169103026-s0013-0000000079748331-0146-s_lc.fits with expected size 2079360.
2024-07-23 18:25:28,917 - INFO - Found cached file ../data/tess/mastDownload/TESS/tess2020186164531-s0027-0000000079748331-0189-s/tess2020186164531-s0027-0000000079748331-0189-s_lc.fits with expected size 1785600.
2024-07-23 18:25:29,127 - INFO - Found cached file ../data/tess/mastDownload/TESS/tess2023181235917-s0067-0000000079748331-0261-s/tess2023181235917-s0067-0000000079748331-0261-s_lc.fits with expected size 2027520.
2024-07-23 18:25:29,129 - INFO - Downloaded products for TIC 79748331
2024-07-23 18:25:30,135 - INFO - Processing TIC 7088246
2024-07-23 18:25:34,338 - INFO - Found 11 observations for TIC 7088246
2024-07-23 18:25:37,300 - INFO - Downloaded products for TIC 7088246
2024-07-23 18:25:38,306 - INFO - Processing TIC 201604954
2024-07-23 18:25:47,586 - INFO - Found 7 observations for TIC 201604954
2024-07-23 18:25:51,361 - INFO - Downloaded products for TIC 201604954
2024-07-23 18:25:52,367 - INFO - Processing TIC 201642601
2024-07-23 18:26:00,961 - INFO - Found 19 observations for TIC 201642601
2024-07-23 18:26:04,965 - INFO - Downloaded products for TIC 201642601
2024-07-23 18:26:05,971 - INFO - Processing TIC 6663331
2024-07-23 18:26:10,128 - INFO - Found 7 observations for TIC 6663331
2024-07-23 18:26:12,383 - INFO - Downloaded products for TIC 6663331
2024-07-23 18:26:13,386 - INFO - Processing TIC 31858843
2024-07-23 18:26:17,415 - INFO - Found 23 observations for TIC 31858843
2024-07-23 18:26:21,776 - INFO - Downloaded products for TIC 31858843
2024-07-23 18:26:22,783 - INFO - Processing TIC 92352620
2024-07-23 18:26:29,399 - INFO - Found 32 observations for TIC 92352620
2024-07-23 18:26:34,900 - INFO - Downloaded products for TIC 92352620
2024-07-23 18:26:35,907 - INFO - Processing TIC 31858844
2024-07-23 18:26:38,990 - INFO - Found 23 observations for TIC 31858844
2024-07-23 18:26:39,213 - INFO - Found cached file ../data/tess/mastDownload/TESS/tess2019169103026-s0013-0000000031858843-0146-s/tess2019169103026-s0013-0000000031858843-0146-s_lc.fits with expected size 2079360.
2024-07-23 18:26:39,412 - INFO - Found cached file ../data/tess/mastDownload/TESS/tess2019169103026-s0013-0000000031858844-0146-s/tess2019169103026-s0013-0000000031858844-0146-s_lc.fits with expected size 2079360.
2024-07-23 18:26:39,543 - INFO - Found cached file ../data/tess/mastDownload/TESS/tess2020186164531-s0027-0000000031858843-0189-s/tess2020186164531-s0027-0000000031858843-0189-s_lc.fits with expected size 1785600.
2024-07-23 18:26:39,685 - INFO - Found cached file ../data/tess/mastDownload/TESS/tess2020186164531-s0027-0000000031858844-0189-s/tess2020186164531-s0027-0000000031858844-0189-s_lc.fits with expected size 1785600.
2024-07-23 18:26:39,883 - INFO - Found cached file ../data/tess/mastDownload/TESS/tess2023181235917-s0067-0000000031858843-0261-s/tess2023181235917-s0067-0000000031858843-0261-s_lc.fits with expected size 2027520.
2024-07-23 18:26:39,885 - INFO - Downloaded products for TIC 31858844
2024-07-23 18:26:40,889 - INFO - Processing TIC 120247528
2024-07-23 18:26:48,061 - INFO - Found 8 observations for TIC 120247528
2024-07-23 18:26:49,503 - INFO - Downloaded products for TIC 120247528
2024-07-23 18:26:50,504 - INFO - Processing TIC 140830390
2024-07-23 18:28:07,469 - INFO - Found 200 observations for TIC 140830390
2024-07-23 18:28:20,506 - INFO - Downloaded products for TIC 140830390
2024-07-23 18:28:21,510 - INFO - Processing TIC 158297421
2024-07-23 18:28:28,939 - INFO - Found 14 observations for TIC 158297421
2024-07-23 18:28:31,281 - INFO - Downloaded products for TIC 158297421
2024-07-23 18:28:32,292 - INFO - Processing TIC 327301957
2024-07-23 18:28:39,297 - INFO - Found 12 observations for TIC 327301957
2024-07-23 18:28:43,167 - INFO - Downloaded products for TIC 327301957
2024-07-23 18:28:44,173 - INFO - Processing TIC 351601843
2024-07-23 18:28:50,965 - INFO - Found 18 observations for TIC 351601843
2024-07-23 18:28:54,064 - INFO - Downloaded products for TIC 351601843
2024-07-23 18:28:55,069 - INFO - Processing TIC 360742636
2024-07-23 18:29:01,478 - INFO - Found 20 observations for TIC 360742636
2024-07-23 18:29:04,897 - INFO - Downloaded products for TIC 360742636
2024-07-23 18:29:05,904 - INFO - Processing TIC 369960846
2024-07-23 18:29:23,709 - INFO - Found 25 observations for TIC 369960846
2024-07-23 18:29:28,874 - INFO - Downloaded products for TIC 369960846
2024-07-23 18:29:29,880 - INFO - Processing TIC 370133522
2024-07-23 18:29:38,135 - INFO - Found 14 observations for TIC 370133522
2024-07-23 18:29:41,545 - INFO - Downloaded products for TIC 370133522
2024-07-23 18:29:42,551 - INFO - Processing TIC 379240073
2024-07-23 18:29:49,131 - INFO - Found 10 observations for TIC 379240073
2024-07-23 18:29:50,488 - INFO - Downloaded products for TIC 379240073
2024-07-23 18:29:51,500 - INFO - Processing TIC 289793076
2024-07-23 18:29:54,383 - INFO - Found 27 observations for TIC 289793076
2024-07-23 18:30:14,995 - INFO - Downloaded products for TIC 289793076
2024-07-23 18:30:16,011 - INFO - Processing TIC 161032923
2024-07-23 18:30:21,648 - INFO - Found 7 observations for TIC 161032923
2024-07-23 18:30:22,685 - INFO - Downloaded products for TIC 161032923
2024-07-23 18:30:23,692 - INFO - Processing TIC 253728991
2024-07-23 18:30:26,478 - INFO - Found 4 observations for TIC 253728991
2024-07-23 18:30:27,105 - INFO - Downloaded products for TIC 253728991
2024-07-23 18:30:28,115 - INFO - Processing TIC 261108236
2024-07-23 18:30:57,704 - INFO - Found 76 observations for TIC 261108236
2024-07-23 18:31:04,580 - INFO - Downloaded products for TIC 261108236
2024-07-23 18:31:05,596 - INFO - Processing TIC 322270620
2024-07-23 18:31:14,509 - INFO - Found 18 observations for TIC 322270620
2024-07-23 18:31:18,593 - INFO - Downloaded products for TIC 322270620
2024-07-23 18:31:19,600 - INFO - Processing TIC 380589029
2024-07-23 18:31:24,755 - INFO - Found 19 observations for TIC 380589029
2024-07-23 18:31:27,622 - INFO - Downloaded products for TIC 380589029
2024-07-23 18:31:28,630 - INFO - Processing TIC 381979901
2024-07-23 18:32:32,867 - INFO - Found 120 observations for TIC 381979901
2024-07-23 18:32:45,630 - INFO - Downloaded products for TIC 381979901
2024-07-23 18:32:46,641 - INFO - Processing TIC 468148930
2024-07-23 18:33:09,963 - INFO - Found 17 observations for TIC 468148930
2024-07-23 18:33:11,840 - INFO - Downloaded products for TIC 468148930
2024-07-23 18:33:12,849 - INFO - Processing TIC 426077080
2024-07-23 18:33:23,307 - INFO - Found 21 observations for TIC 426077080
2024-07-23 18:33:25,403 - INFO - Downloaded products for TIC 426077080
2024-07-23 18:33:26,414 - INFO - Processing TIC 343648136
2024-07-23 18:33:31,357 - INFO - Found 15 observations for TIC 343648136
2024-07-23 18:33:33,741 - INFO - Downloaded products for TIC 343648136
2024-07-23 18:33:34,744 - INFO - Processed 100 TIC IDs. Successful downloads: 99
2024-07-23 18:33:34,746 - INFO - Processing TIC 129319156
2024-07-23 18:33:41,945 - INFO - Found 12 observations for TIC 129319156
2024-07-23 18:33:43,790 - INFO - Downloaded products for TIC 129319156
2024-07-23 18:33:44,795 - INFO - Processing TIC 29344935
2024-07-23 18:33:49,491 - INFO - Found 18 observations for TIC 29344935
2024-07-23 18:33:50,978 - INFO - Downloaded products for TIC 29344935
2024-07-23 18:33:51,985 - INFO - Processing TIC 361034196
2024-07-23 18:34:05,417 - INFO - Found 15 observations for TIC 361034196
2024-07-23 18:34:08,923 - WARNING - No SPOC light curve products found for TIC 361034196
2024-07-23 18:34:09,934 - INFO - Processing TIC 193413306
2024-07-23 18:34:26,924 - INFO - Found 30 observations for TIC 193413306
2024-07-23 18:34:29,137 - INFO - Downloaded products for TIC 193413306
2024-07-23 18:34:30,147 - INFO - Processing TIC 387079085
2024-07-23 18:34:43,308 - INFO - Found 24 observations for TIC 387079085
2024-07-23 18:34:44,128 - INFO - Downloaded products for TIC 387079085
2024-07-23 18:34:45,134 - INFO - Processing TIC 382331352
2024-07-23 18:34:51,818 - INFO - Found 29 observations for TIC 382331352
2024-07-23 18:34:54,138 - INFO - Downloaded products for TIC 382331352
2024-07-23 18:34:55,149 - INFO - Processing TIC 136274063
2024-07-23 18:35:00,919 - INFO - Found 39 observations for TIC 136274063
2024-07-23 18:35:01,919 - INFO - Downloaded products for TIC 136274063
2024-07-23 18:35:02,931 - INFO - Processing TIC 375223080
2024-07-23 18:35:21,099 - INFO - Found 38 observations for TIC 375223080
2024-07-23 18:35:23,745 - INFO - Downloaded products for TIC 375223080
2024-07-23 18:35:24,751 - INFO - Processing TIC 375225453
2024-07-23 18:35:43,385 - INFO - Found 50 observations for TIC 375225453
2024-07-23 18:35:45,978 - INFO - Downloaded products for TIC 375225453
2024-07-23 18:35:46,992 - INFO - Processing TIC 360630575
2024-07-23 18:35:57,752 - INFO - Found 21 observations for TIC 360630575
2024-07-23 18:35:59,459 - INFO - Downloaded products for TIC 360630575
2024-07-23 18:36:00,471 - INFO - Processing TIC 360630575
2024-07-23 18:36:00,737 - INFO - Found 21 observations for TIC 360630575
2024-07-23 18:36:00,987 - INFO - Found cached file ../data/tess/mastDownload/TESS/tess2021118034608-s0038-0000000360630575-0209-s/tess2021118034608-s0038-0000000360630575-0209-s_lc.fits with expected size 1952640.
2024-07-23 18:36:01,110 - INFO - Found cached file ../data/tess/mastDownload/TESS/tess2021146024351-s0039-0000000360630575-0210-s/tess2021146024351-s0039-0000000360630575-0210-s_lc.fits with expected size 2041920.
2024-07-23 18:36:01,112 - INFO - Downloaded products for TIC 360630575
2024-07-23 18:36:02,123 - INFO - Processing TIC 383390264
2024-07-23 18:36:18,815 - INFO - Found 33 observations for TIC 383390264
2024-07-23 18:36:23,585 - INFO - Downloaded products for TIC 383390264
2024-07-23 18:36:24,594 - INFO - Processing TIC 290348383
2024-07-23 18:36:44,352 - INFO - Found 16 observations for TIC 290348383
2024-07-23 18:46:44,537 - ERROR - An error occurred while processing TIC 290348383: Timeout limit of 600 exceeded.
2024-07-23 18:46:45,552 - INFO - Processing TIC 281459670
